###############################################################################
#                                                                             #
# IAR ARM ANSI C/C++ Compiler V5.10.5.372/W32           11/Sep/2013  19:44:41 #
# Copyright 1999-2007 IAR Systems. All rights reserved.                       #
#                                                                             #
#    Cpu mode     =  thumb                                                    #
#    Endian       =  little                                                   #
#    Source file  =  D:\Zeuron\Projekty\S300\S300-program v1.4 -              #
#                    12.06.2013\Framework\Interrupt.c                         #
#    Command line =  "D:\Zeuron\Projekty\S300\S300-program v1.4 -             #
#                    12.06.2013\Framework\Interrupt.c" -D AT91SAM7S256 -D     #
#                    AT91SAM7SEK -D iH -D _LCD_NEGATIV_OLD_ -D __ALARM -D     #
#                    __WIFI_MODULE -D _DEBUG_ -D S300iOld -D _ADMINISTRATOR_  #
#                    -lC "D:\Zeuron\Projekty\S300\S300-program v1.4 -         #
#                    12.06.2013\S300X (Old)\List\" --diag_suppress Pa082 -o   #
#                    "D:\Zeuron\Projekty\S300\S300-program v1.4 -             #
#                    12.06.2013\S300X (Old)\Obj\" --no_cse --no_unroll        #
#                    --no_inline --no_code_motion --no_tbaa --no_clustering   #
#                    --no_scheduling --debug --endian little --cpu ARM7TDMI   #
#                    -e --fpu None --dlib_config "C:\Program Files (x86)\IAR  #
#                    Systems\Embedded Workbench 5.0\ARM\INC\DLib_Config_Norma #
#                    l.h" -I "D:\Zeuron\Projekty\S300\S300-program v1.4 -     #
#                    12.06.2013\lib\AT91SAM7S256\" -I                         #
#                    "D:\Zeuron\Projekty\S300\S300-program v1.4 -             #
#                    12.06.2013\lib\AT91SAM7S64\" -I                          #
#                    "D:\Zeuron\Projekty\S300\S300-program v1.4 -             #
#                    12.06.2013\" -I "D:\Zeuron\Projekty\S300\S300-program    #
#                    v1.4 - 12.06.2013\cdc\" -I "D:\Zeuron\Projekty\S300\S300 #
#                    -program v1.4 - 12.06.2013\core\" -I                     #
#                    "D:\Zeuron\Projekty\S300\S300-program v1.4 -             #
#                    12.06.2013\startup\" -I "D:\Zeuron\Projekty\S300\S300-pr #
#                    ogram v1.4 - 12.06.2013\Framework\" -I                   #
#                    "D:\Zeuron\Projekty\S300\S300-program v1.4 -             #
#                    12.06.2013\Framework\Configuration\" -I "C:\Program      #
#                    Files (x86)\IAR Systems\Embedded Workbench               #
#                    5.0\ARM\INC\" --section .text=Debug.txt --interwork      #
#                    --cpu_mode thumb -Ol                                     #
#    List file    =  D:\Zeuron\Projekty\S300\S300-program v1.4 -              #
#                    12.06.2013\S300X (Old)\List\Interrupt.lst                #
#    Object file  =  D:\Zeuron\Projekty\S300\S300-program v1.4 -              #
#                    12.06.2013\S300X (Old)\Obj\Interrupt.o                   #
#                                                                             #
#                                                                             #
###############################################################################

D:\Zeuron\Projekty\S300\S300-program v1.4 - 12.06.2013\Framework\Interrupt.c
      1          //****************************************************************************//
      2          //*--------------------------------------------------------------------------*//
      3          //*                                 CEURON                                   *//                     
      4          //*--------------------------------------------------------------------------*//
      5          //*--------------------------------------------------------------------------*//
      6          //*  Nazwa pliku                  : Interrupt.c                              *//
      7          //*  Opis                         : Plik przerwañ                            *//
      8          //*  Autor                        : Pawe³ Narwojsz                           *//
      9          //*  Data utrzorzenia             : 22.02.2012                               *//
     10          //*  Data ostatniej modyfikacji   : --.--.----                               *//
     11          //*--------------------------------------------------------------------------*//
     12          //*                                                                          *//
     13          //*--------------------------------------------------------------------------*//
     14          //* Rejestr zmian  (data - opis):                                            *//
     15          //*                                                                          *//
     16          //*                               Brak zmian                                 *//
     17          //*                                                                          *//
     18          //*__________________________________________________________________________*// 
     19          //****************************************************************************//
     20          //****************************************************************************//
     21          
     22          
     23          #include  "Interrupt.h"

   \                                 In section Debug.txt, align 4
   \   __??Code16?? __code __interwork unsigned int AT91F_AIC_ConfigureIt(AT91PS_AIC, unsigned int, unsigned int, unsigned int, void (*)())
   \                     AT91F_AIC_ConfigureIt:
   \   00000000   F0B4               PUSH     {R4-R7}
   \   00000002   0400               MOVS     R4,R0
   \   00000004   049D               LDR      R5,[SP, #+16]
   \   00000006   0420               MOVS     R0,#+4
   \   00000008   4843               MULS     R0,R1,R0
   \   0000000A   2018               ADDS     R0,R4,R0
   \   0000000C   8030               ADDS     R0,R0,#+128
   \   0000000E   0068               LDR      R0,[R0, #+0]
   \   00000010   0126               MOVS     R6,#+1
   \   00000012   8E40               LSLS     R6,R6,R1
   \   00000014   9227               MOVS     R7,#+146
   \   00000016   7F00               LSLS     R7,R7,#+1        ;; #+292
   \   00000018   E651               STR      R6,[R4, R7]
   \   0000001A   0427               MOVS     R7,#+4
   \   0000001C   4F43               MULS     R7,R1,R7
   \   0000001E   E719               ADDS     R7,R4,R7
   \   00000020   8037               ADDS     R7,R7,#+128
   \   00000022   3D60               STR      R5,[R7, #+0]
   \   00000024   0425               MOVS     R5,#+4
   \   00000026   6943               MULS     R1,R5,R1
   \   00000028   1A43               ORRS     R2,R2,R3
   \   0000002A   6250               STR      R2,[R4, R1]
   \   0000002C   9421               MOVS     R1,#+148
   \   0000002E   4900               LSLS     R1,R1,#+1        ;; #+296
   \   00000030   6650               STR      R6,[R4, R1]
   \   00000032   F0BC               POP      {R4-R7}
   \   00000034   7047               BX       LR               ;; return

   \                                 In section Debug.txt, align 4
   \   __??Code16?? __code __interwork void AT91F_AIC_EnableIt(AT91PS_AIC, unsigned int)
   \                     AT91F_AIC_EnableIt:
   \   00000000   9022               MOVS     R2,#+144
   \   00000002   5200               LSLS     R2,R2,#+1        ;; #+288
   \   00000004   0123               MOVS     R3,#+1
   \   00000006   8B40               LSLS     R3,R3,R1
   \   00000008   8350               STR      R3,[R0, R2]
   \   0000000A   7047               BX       LR               ;; return

   \                                 In section Debug.txt, align 4
   \   __??Code16?? __code __interwork void AT91F_PIO_InterruptEnable(AT91PS_PIO, unsigned int)
   \                     AT91F_PIO_InterruptEnable:
   \   00000000   0164               STR      R1,[R0, #+64]
   \   00000002   7047               BX       LR               ;; return

   \                                 In section Debug.txt, align 4
   \   __??Code16?? __code __interwork unsigned int AT91F_PIO_GetInterruptStatus(AT91PS_PIO)
   \                     AT91F_PIO_GetInterruptStatus:
   \   00000000   C06C               LDR      R0,[R0, #+76]
   \   00000002   7047               BX       LR               ;; return

   \                                 In section Debug.txt, align 4
   \   __??Code16?? __code __interwork void AT91F_PMC_EnablePeriphClock(AT91PS_PMC, unsigned int)
   \                     AT91F_PMC_EnablePeriphClock:
   \   00000000   0161               STR      R1,[R0, #+16]
   \   00000002   7047               BX       LR               ;; return

                                          
                                          ^
"D:\Zeuron\Projekty\S300\S300-program v1.4 - 12.06.2013\Framework\Configuration\InterruptPriority.h",59  Warning[Pe001]: 
          last line of file ends without a newline
     24              #include <intrinsics.h>
     25          
     26          

   \                                 In section .bss, align 1
     27          char VBUS_old;    
   \                     VBUS_old:
   \   00000000                      DS8 1

   \                                 In section Debug.txt, align 4, keep-with-next
     28          void PioInterrupt(void)
     29          {
   \                     PioInterrupt:
   \   00000000   10B5               PUSH     {R4,LR}
     30          
     31              unsigned int status = AT91F_PIO_GetInterruptStatus(PIO_RfIntBUS);
   \   00000002   ....               LDR      R0,??DataTable1  ;; 0xfffff400
   \   00000004   ........           BL       AT91F_PIO_GetInterruptStatus
   \   00000008   0400               MOVS     R4,R0
     32          
     33             // static char VBUS_old; 
     34              //static char RfIntBUS_old; 
     35          
     36              
     37          
     38          
     39          
     40              if (status & AT91C_VBUS) 
   \   0000000A   2000               MOVS     R0,R4
   \   0000000C   8007               LSLS     R0,R0,#+30
   \   0000000E   0CD5               BPL      ??PioInterrupt_0
     41              {
     42                 /*
     43                if ((!((AT91C_BASE_PIOA->PIO_PDSR) & AT91C_VBUS)) && (VBUS_old==1))
     44                 {
     45                   VBUS_old=0;
     46                   ISR_VBus();
     47                 }
     48                  */
     49                 if (((AT91C_BASE_PIOA->PIO_PDSR) & AT91C_VBUS) && (VBUS_old==0))
   \   00000010   0B48               LDR      R0,??PioInterrupt_1  ;; 0xfffff43c
   \   00000012   0068               LDR      R0,[R0, #+0]
   \   00000014   8007               LSLS     R0,R0,#+30
   \   00000016   08D5               BPL      ??PioInterrupt_0
   \   00000018   0A48               LDR      R0,??PioInterrupt_1+0x4  ;; VBUS_old
   \   0000001A   0078               LDRB     R0,[R0, #+0]
   \   0000001C   0028               CMP      R0,#+0
   \   0000001E   04D1               BNE      ??PioInterrupt_0
     50                 {
     51                   VBUS_old=1;
   \   00000020   0848               LDR      R0,??PioInterrupt_1+0x4  ;; VBUS_old
   \   00000022   0121               MOVS     R1,#+1
   \   00000024   0170               STRB     R1,[R0, #+0]
     52                   ISR_VBus();
   \   00000026   ........           BL       ISR_VBus
     53                 }
     54                
     55              }
     56              
     57              
     58              if (status & RfIntBUS)
   \                     ??PioInterrupt_0:
   \   0000002A   6005               LSLS     R0,R4,#+21
   \   0000002C   05D5               BPL      ??PioInterrupt_2
     59              {  
     60                if ((( AT91C_BASE_PIOA->PIO_PDSR) & RfIntBUS)==0)  
   \   0000002E   0448               LDR      R0,??PioInterrupt_1  ;; 0xfffff43c
   \   00000030   0068               LDR      R0,[R0, #+0]
   \   00000032   4005               LSLS     R0,R0,#+21
   \   00000034   01D4               BMI      ??PioInterrupt_2
     61                {
     62          
     63                   RF_Int();
                          ^
Warning[Pe223]: function "RF_Int" declared implicitly
   \   00000036   ........           BL       RF_Int
     64          
     65                }
     66              }
     67          
     68          
     69          
     70          }
   \                     ??PioInterrupt_2:
   \   0000003A   10BC               POP      {R4}
   \   0000003C   01BC               POP      {R0}
   \   0000003E   0047               BX       R0               ;; return
   \                     ??PioInterrupt_1:
   \   00000040   3CF4FFFF           DC32     0xfffff43c
   \   00000044   ........           DC32     VBUS_old
     71          
     72          
     73          
     74          
     75          

   \                                 In section Debug.txt, align 4, keep-with-next
     76          void InitPioInterrupt(void)
     77          {
   \                     InitPioInterrupt:
   \   00000000   01B5               PUSH     {R0,LR}
     78                   //ConfigureRFBus();
     79                  AT91F_PMC_EnablePeriphClock(AT91C_BASE_PMC, 1 << ID_RfIntBUS);
   \   00000002   0421               MOVS     R1,#+4
   \   00000004   0B48               LDR      R0,??InitPioInterrupt_0  ;; 0xfffffc00
   \   00000006   ........           BL       AT91F_PMC_EnablePeriphClock
     80                   
     81                 // Configure and enable the Vbus detection interrupt
     82                  AT91F_AIC_ConfigureIt(AT91C_BASE_AIC,
     83                                    AT91C_ID_PIOA,
     84                                    PIO_INT_PRIOR, //AT91C_AIC_PRIOR_LOWEST, AT91C_AIC_PRIOR_HIGHEST
     85                                    0,//AT91C_AIC_SRCTYPE_INT_HIGH_LEVEL,
     86                                    PioInterrupt);  
   \   0000000A   82B0               SUB      SP,SP,#+8
   \   0000000C   0A48               LDR      R0,??InitPioInterrupt_0+0x4  ;; PioInterrupt
   \   0000000E   0090               STR      R0,[SP, #+0]
   \   00000010   0023               MOVS     R3,#+0
   \   00000012   0722               MOVS     R2,#+7
   \   00000014   0221               MOVS     R1,#+2
   \   00000016   0948               LDR      R0,??InitPioInterrupt_0+0x8  ;; 0xfffff000
   \   00000018   ........           BL       AT91F_AIC_ConfigureIt
   \   0000001C   02B0               ADD      SP,SP,#+8
     87                  
     88                  
     89                  AT91F_PIO_InterruptEnable(AT91C_PIO_VBUS, AT91C_VBUS);
   \   0000001E   0221               MOVS     R1,#+2
   \   00000020   ....               LDR      R0,??DataTable1  ;; 0xfffff400
   \   00000022   ........           BL       AT91F_PIO_InterruptEnable
     90              AT91F_AIC_EnableIt(AT91C_BASE_AIC, AT91C_ID_VBUS);
   \   00000026   0221               MOVS     R1,#+2
   \   00000028   0448               LDR      R0,??InitPioInterrupt_0+0x8  ;; 0xfffff000
   \   0000002A   ........           BL       AT91F_AIC_EnableIt
     91                
     92          }
   \   0000002E   01B0               ADD      SP,SP,#+4
   \   00000030   01BC               POP      {R0}
   \   00000032   0047               BX       R0               ;; return
   \                     ??InitPioInterrupt_0:
   \   00000034   00FCFFFF           DC32     0xfffffc00
   \   00000038   ........           DC32     PioInterrupt
   \   0000003C   00F0FFFF           DC32     0xfffff000

   \                                 In section Debug.txt, align 4, keep-with-next
   \                     ??DataTable1:
   \   00000000   00F4FFFF           DC32     0xfffff400
     93          
     94          
     95          
     96          
     97          
     98          
     99          

   Maximum stack usage in bytes:

     Function                     .cstack
     --------                     -------
     AT91F_AIC_ConfigureIt            16
     AT91F_AIC_EnableIt                0
     AT91F_PIO_GetInterruptStatus      0
     AT91F_PIO_InterruptEnable         0
     AT91F_PMC_EnablePeriphClock       0
     InitPioInterrupt                 16
     PioInterrupt                      8


   Section sizes:

     Function/Label               Bytes
     --------------               -----
     AT91F_AIC_ConfigureIt          54
     AT91F_AIC_EnableIt             12
     AT91F_PIO_InterruptEnable       4
     AT91F_PIO_GetInterruptStatus    4
     AT91F_PMC_EnablePeriphClock     4
     VBUS_old                        1
     PioInterrupt                   72
     InitPioInterrupt               64
     ??DataTable1                    4

 
   1 byte  in section .bss
 218 bytes in section Debug.txt
 
 140 bytes of CODE memory (+ 78 bytes shared)
   1 byte  of DATA memory

Errors: none
Warnings: 2
