###############################################################################
#                                                                             #
# IAR ARM ANSI C/C++ Compiler V5.10.5.372/W32           04/Jun/2013  20:18:18 #
# Copyright 1999-2007 IAR Systems. All rights reserved.                       #
#                                                                             #
#    Cpu mode     =  thumb                                                    #
#    Endian       =  little                                                   #
#    Source file  =  D:\Zeuron\Projekty\S300\S300-program v1.3 -              #
#                    04.06.2013\Framework\Interrupt.c                         #
#    Command line =  "D:\Zeuron\Projekty\S300\S300-program v1.3 -             #
#                    04.06.2013\Framework\Interrupt.c" -D AT91SAM7S256 -D     #
#                    AT91SAM7SEK -D iH -D __ALARM -D __WIFI_MODULE -D S300i   #
#                    -lC "D:\Zeuron\Projekty\S300\S300-program v1.3 -         #
#                    04.06.2013\S300i\List\" --diag_suppress Pa082 -o         #
#                    "D:\Zeuron\Projekty\S300\S300-program v1.3 -             #
#                    04.06.2013\S300i\Obj\" --debug --endian little --cpu     #
#                    ARM7TDMI -e --fpu None --dlib_config "C:\Program Files   #
#                    (x86)\IAR Systems\Embedded Workbench                     #
#                    5.0\ARM\INC\DLib_Config_Normal.h" -I                     #
#                    "D:\Zeuron\Projekty\S300\S300-program v1.3 -             #
#                    04.06.2013\lib\AT91SAM7S256\" -I                         #
#                    "D:\Zeuron\Projekty\S300\S300-program v1.3 -             #
#                    04.06.2013\lib\AT91SAM7S64\" -I                          #
#                    "D:\Zeuron\Projekty\S300\S300-program v1.3 -             #
#                    04.06.2013\" -I "D:\Zeuron\Projekty\S300\S300-program    #
#                    v1.3 - 04.06.2013\cdc\" -I "D:\Zeuron\Projekty\S300\S300 #
#                    -program v1.3 - 04.06.2013\core\" -I                     #
#                    "D:\Zeuron\Projekty\S300\S300-program v1.3 -             #
#                    04.06.2013\startup\" -I "D:\Zeuron\Projekty\S300\S300-pr #
#                    ogram v1.3 - 04.06.2013\Framework\" -I                   #
#                    "D:\Zeuron\Projekty\S300\S300-program v1.3 -             #
#                    04.06.2013\Framework\Configuration\" -I "C:\Program      #
#                    Files (x86)\IAR Systems\Embedded Workbench               #
#                    5.0\ARM\INC\" --section .text=Debug.txt --interwork      #
#                    --cpu_mode thumb -Oh                                     #
#    List file    =  D:\Zeuron\Projekty\S300\S300-program v1.3 -              #
#                    04.06.2013\S300i\List\Interrupt.lst                      #
#    Object file  =  D:\Zeuron\Projekty\S300\S300-program v1.3 -              #
#                    04.06.2013\S300i\Obj\Interrupt.o                         #
#                                                                             #
#                                                                             #
###############################################################################

D:\Zeuron\Projekty\S300\S300-program v1.3 - 04.06.2013\Framework\Interrupt.c
      1          //****************************************************************************//
      2          //*--------------------------------------------------------------------------*//
      3          //*                                 CEURON                                   *//                     
      4          //*--------------------------------------------------------------------------*//
      5          //*--------------------------------------------------------------------------*//
      6          //*  Nazwa pliku                  : Interrupt.c                              *//
      7          //*  Opis                         : Plik przerwañ                            *//
      8          //*  Autor                        : Pawe³ Narwojsz                           *//
      9          //*  Data utrzorzenia             : 22.02.2012                               *//
     10          //*  Data ostatniej modyfikacji   : --.--.----                               *//
     11          //*--------------------------------------------------------------------------*//
     12          //*                                                                          *//
     13          //*--------------------------------------------------------------------------*//
     14          //* Rejestr zmian  (data - opis):                                            *//
     15          //*                                                                          *//
     16          //*                               Brak zmian                                 *//
     17          //*                                                                          *//
     18          //*__________________________________________________________________________*// 
     19          //****************************************************************************//
     20          //****************************************************************************//
     21          
     22          
     23          #include  "Interrupt.h"

                                          
                                          ^
"D:\Zeuron\Projekty\S300\S300-program v1.3 - 04.06.2013\Framework\Configuration\InterruptPriority.h",59  Warning[Pe001]: 
          last line of file ends without a newline
     24              #include <intrinsics.h>
     25          
     26          

   \                                 In section .bss, align 1
     27          char VBUS_old;    
   \                     VBUS_old:
   \   00000000                      DS8 1

   \                                 In section Debug.txt, align 4, keep-with-next
     28          void PioInterrupt(void)
     29          {
   \                     PioInterrupt:
   \   00000000   10B5               PUSH     {R4,LR}
     30          
     31              unsigned int status = AT91F_PIO_GetInterruptStatus(PIO_RfIntBUS);
   \   00000002   0F48               LDR      R0,??PioInterrupt_0  ;; 0xfffff44c
   \   00000004   0468               LDR      R4,[R0, #+0]
     32          
     33             // static char VBUS_old; 
     34              //static char RfIntBUS_old; 
     35          
     36              
     37          
     38          
     39          
     40              if (status & AT91C_VBUS) 
   \   00000006   0220               MOVS     R0,#+2
   \   00000008   0442               TST      R4,R0
   \   0000000A   0BD0               BEQ      ??PioInterrupt_1
     41              {
     42                 /*
     43                if ((!((AT91C_BASE_PIOA->PIO_PDSR) & AT91C_VBUS)) && (VBUS_old==1))
     44                 {
     45                   VBUS_old=0;
     46                   ISR_VBus();
     47                 }
     48                  */
     49                 if (((AT91C_BASE_PIOA->PIO_PDSR) & AT91C_VBUS) && (VBUS_old==0))
   \   0000000C   0D49               LDR      R1,??PioInterrupt_0+0x4  ;; 0xfffff43c
   \   0000000E   0968               LDR      R1,[R1, #+0]
   \   00000010   0142               TST      R1,R0
   \   00000012   07D0               BEQ      ??PioInterrupt_1
   \   00000014   0C48               LDR      R0,??PioInterrupt_0+0x8  ;; VBUS_old
   \   00000016   0178               LDRB     R1,[R0, #+0]
   \   00000018   0029               CMP      R1,#+0
   \   0000001A   03D1               BNE      ??PioInterrupt_1
     50                 {
     51                   VBUS_old=1;
   \   0000001C   0121               MOVS     R1,#+1
   \   0000001E   0170               STRB     R1,[R0, #+0]
     52                   ISR_VBus();
   \   00000020   ........           BL       ISR_VBus
     53                 }
     54                
     55              }
     56              
     57              
     58              if (status & RfIntBUS)
   \                     ??PioInterrupt_1:
   \   00000024   8020               MOVS     R0,#+128
   \   00000026   C000               LSLS     R0,R0,#+3        ;; #+1024
   \   00000028   0442               TST      R4,R0
   \   0000002A   05D0               BEQ      ??PioInterrupt_2
     59              {  
     60                if ((( AT91C_BASE_PIOA->PIO_PDSR) & RfIntBUS)==0)  
   \   0000002C   0549               LDR      R1,??PioInterrupt_0+0x4  ;; 0xfffff43c
   \   0000002E   0968               LDR      R1,[R1, #+0]
   \   00000030   0142               TST      R1,R0
   \   00000032   01D1               BNE      ??PioInterrupt_2
     61                {
     62          
     63                   RF_Int();
                          ^
Warning[Pe223]: function "RF_Int" declared implicitly
   \   00000034   ........           BL       RF_Int
     64          
     65                }
     66              }
     67          
     68          
     69          
     70          }
   \                     ??PioInterrupt_2:
   \   00000038   10BC               POP      {R4}
   \   0000003A   01BC               POP      {R0}
   \   0000003C   0047               BX       R0               ;; return
   \   0000003E   C046               Nop      
   \                     ??PioInterrupt_0:
   \   00000040   4CF4FFFF           DC32     0xfffff44c
   \   00000044   3CF4FFFF           DC32     0xfffff43c
   \   00000048   ........           DC32     VBUS_old
     71          
     72          
     73          
     74          
     75          

   \                                 In section Debug.txt, align 4, keep-with-next
     76          void InitPioInterrupt(void)
     77          {
     78                   //ConfigureRFBus();
     79                  AT91F_PMC_EnablePeriphClock(AT91C_BASE_PMC, 1 << ID_RfIntBUS);
   \                     InitPioInterrupt:
   \   00000000   0420               MOVS     R0,#+4
   \   00000002   0949               LDR      R1,??InitPioInterrupt_0  ;; 0xfffffc10
   \   00000004   0860               STR      R0,[R1, #+0]
     80                   
     81                 // Configure and enable the Vbus detection interrupt
     82                  AT91F_AIC_ConfigureIt(AT91C_BASE_AIC,
     83                                    AT91C_ID_PIOA,
     84                                    PIO_INT_PRIOR, //AT91C_AIC_PRIOR_LOWEST, AT91C_AIC_PRIOR_HIGHEST
     85                                    0,//AT91C_AIC_SRCTYPE_INT_HIGH_LEVEL,
     86                                    PioInterrupt);  
   \   00000006   0949               LDR      R1,??InitPioInterrupt_0+0x4  ;; 0xfffff088
   \   00000008   0A68               LDR      R2,[R1, #+0]
   \   0000000A   094A               LDR      R2,??InitPioInterrupt_0+0x8  ;; 0xfffff124
   \   0000000C   1060               STR      R0,[R2, #+0]
   \   0000000E   094A               LDR      R2,??InitPioInterrupt_0+0xC  ;; PioInterrupt
   \   00000010   0A60               STR      R2,[R1, #+0]
   \   00000012   0949               LDR      R1,??InitPioInterrupt_0+0x10  ;; 0xfffff008
   \   00000014   0722               MOVS     R2,#+7
   \   00000016   0A60               STR      R2,[R1, #+0]
   \   00000018   0849               LDR      R1,??InitPioInterrupt_0+0x14  ;; 0xfffff128
   \   0000001A   0860               STR      R0,[R1, #+0]
     87                  
     88                  
     89                  AT91F_PIO_InterruptEnable(AT91C_PIO_VBUS, AT91C_VBUS);
   \   0000001C   0849               LDR      R1,??InitPioInterrupt_0+0x18  ;; 0xfffff440
   \   0000001E   0222               MOVS     R2,#+2
   \   00000020   0A60               STR      R2,[R1, #+0]
     90              AT91F_AIC_EnableIt(AT91C_BASE_AIC, AT91C_ID_VBUS);
   \   00000022   0849               LDR      R1,??InitPioInterrupt_0+0x1C  ;; 0xfffff120
   \   00000024   0860               STR      R0,[R1, #+0]
     91                
     92          }
   \   00000026   7047               BX       LR               ;; return
   \                     ??InitPioInterrupt_0:
   \   00000028   10FCFFFF           DC32     0xfffffc10
   \   0000002C   88F0FFFF           DC32     0xfffff088
   \   00000030   24F1FFFF           DC32     0xfffff124
   \   00000034   ........           DC32     PioInterrupt
   \   00000038   08F0FFFF           DC32     0xfffff008
   \   0000003C   28F1FFFF           DC32     0xfffff128
   \   00000040   40F4FFFF           DC32     0xfffff440
   \   00000044   20F1FFFF           DC32     0xfffff120
     93          
     94          
     95          
     96          
     97          
     98          
     99          

   Maximum stack usage in bytes:

     Function         .cstack
     --------         -------
     InitPioInterrupt      0
     PioInterrupt          8


   Section sizes:

     Function/Label   Bytes
     --------------   -----
     VBUS_old            1
     PioInterrupt       76
     InitPioInterrupt   72

 
   1 byte  in section .bss
 148 bytes in section Debug.txt
 
 148 bytes of CODE memory
   1 byte  of DATA memory

Errors: none
Warnings: 2
