###############################################################################
#                                                                             #
# IAR ARM ANSI C/C++ Compiler V5.10.5.372/W32           23/Apr/2012  16:53:18 #
# Copyright 1999-2007 IAR Systems. All rights reserved.                       #
#                                                                             #
#    Cpu mode     =  thumb                                                    #
#    Endian       =  little                                                   #
#    Source file  =  D:\Zeuron\Projekty\S300\S300-program v0.6 -              #
#                    13.03.2012\Framework\language.c                          #
#    Command line =  "D:\Zeuron\Projekty\S300\S300-program v0.6 -             #
#                    13.03.2012\Framework\language.c" -D AT91SAM7S256 -D      #
#                    AT91SAM7SEK -D iH -D __ALARM -lC                         #
#                    "D:\Zeuron\Projekty\S300\S300-program v0.6 -             #
#                    13.03.2012\bin\cdc\AT91SAM7SEK\List\" --diag_suppress    #
#                    Pa082 -o "D:\Zeuron\Projekty\S300\S300-program v0.6 -    #
#                    13.03.2012\bin\cdc\AT91SAM7SEK\Obj\" --no_unroll         #
#                    --no_inline --no_tbaa --no_scheduling --debug --endian   #
#                    little --cpu ARM7TDMI -e --fpu None --dlib_config        #
#                    "C:\Program Files\IAR Systems\Embedded Workbench         #
#                    5.0\ARM\INC\DLib_Config_Normal.h" -I                     #
#                    "D:\Zeuron\Projekty\S300\S300-program v0.6 -             #
#                    13.03.2012\lib\AT91SAM7S256\" -I                         #
#                    "D:\Zeuron\Projekty\S300\S300-program v0.6 -             #
#                    13.03.2012\lib\AT91SAM7S64\" -I                          #
#                    "D:\Zeuron\Projekty\S300\S300-program v0.6 -             #
#                    13.03.2012\" -I "D:\Zeuron\Projekty\S300\S300-program    #
#                    v0.6 - 13.03.2012\cdc\" -I "D:\Zeuron\Projekty\S300\S300 #
#                    -program v0.6 - 13.03.2012\core\" -I                     #
#                    "D:\Zeuron\Projekty\S300\S300-program v0.6 -             #
#                    13.03.2012\startup\" -I "D:\Zeuron\Projekty\S300\S300-pr #
#                    ogram v0.6 - 13.03.2012\Framework\" -I                   #
#                    "D:\Zeuron\Projekty\S300\S300-program v0.6 -             #
#                    13.03.2012\Framework\Configuration\" -I "C:\Program      #
#                    Files\IAR Systems\Embedded Workbench 5.0\ARM\INC\"       #
#                    --section .text=Debug.txt --interwork --cpu_mode thumb   #
#                    -Om                                                      #
#    List file    =  D:\Zeuron\Projekty\S300\S300-program v0.6 -              #
#                    13.03.2012\bin\cdc\AT91SAM7SEK\List\language.lst         #
#    Object file  =  D:\Zeuron\Projekty\S300\S300-program v0.6 -              #
#                    13.03.2012\bin\cdc\AT91SAM7SEK\Obj\language.o            #
#                                                                             #
#                                                                             #
###############################################################################

D:\Zeuron\Projekty\S300\S300-program v0.6 - 13.03.2012\Framework\language.c
      1          //****************************************************************************//
      2          //*--------------------------------------------------------------------------*//
      3          //*                 IASE Microcontroller Software Support                    *//                       
      4          //*--------------------------------------------------------------------------*//
      5          //*--------------------------------------------------------------------------*//
      6          //*  Nazwa pliku                  : Language.c                               *//
      7          //*  Opis                         : S³ownik wyrazów                          *//
      8          //*  Autor                        : Pawe³ Narwojsz                           *//
      9          //*  Data utrzorzenia             : 06.11.2007                               *//
     10          //*  Data ostatniej modyfikacji   : --.--.----                               *//
     11          //*--------------------------------------------------------------------------*//
     12          //*                                                                          *//
     13          //*--------------------------------------------------------------------------*//
     14          //* Rejestr zmian  (data - opis):                                            *//
     15          //*                                                                          *//
     16          //*                               Brak zmian                                 *//
     17          //*                                                                          *//
     18          //*__________________________________________________________________________*// 
     19          //****************************************************************************//
     20          //****************************************************************************//
     21          
     22          #include "Language.h"
     23                            
     24             
     25                            

   \                                 In section .rodata, align 4
     26          const LangTab Speech[2]={
   \                     Speech:
   \   00000000   4D454E5500         DC8 "MENU"
   \   00000005   000000000000       DC8 0, 0, 0, 0, 0, 0, 0, 0, 0, 0
   \              00000000    
   \   0000000F   5A6D20616E61       DC8 "Zm analog."
   \              6C6F672E00  
   \   0000001A   00000000           DC8 0, 0, 0, 0
   \   0000001E   5A6D20647775       DC8 "Zm dwustan."
   \              7374616E2E00
   \   0000002A   000000             DC8 0, 0, 0
   \   0000002D   5374616E7920       DC8 "Stany IO"
   \              494F00      
   \   00000036   000000000000       DC8 0, 0, 0, 0, 0, 0
   \   0000003C   557374617769       DC8 "Ustawienia"
   \              656E696100  
   \   00000047   00000000           DC8 0, 0, 0, 0
   \   0000004B   52656A657374       DC8 "Rejestrator"
   \              7261746F7200
   \   00000057   000000             DC8 0, 0, 0
   \   0000005A   496E666F00         DC8 "Info"
   \   0000005F   000000000000       DC8 0, 0, 0, 0, 0, 0, 0, 0, 0, 0
   \              00000000    
   \   00000069   4A657A796B00       DC8 "Jezyk"
   \   0000006F   000000000000       DC8 0, 0, 0, 0, 0, 0, 0, 0, 0
   \              000000      
   \   00000078   437A617300         DC8 "Czas"
   \   0000007D   000000000000       DC8 0, 0, 0, 0, 0, 0, 0, 0, 0, 0
   \              00000000    
   \   00000087   437A61732067       DC8 "Czas g/m/s"
   \              2F6D2F7300  
   \   00000092   00000000           DC8 0, 0, 0, 0
   \   00000096   4461746100         DC8 "Data"
   \   0000009B   000000000000       DC8 0, 0, 0, 0, 0, 0, 0, 0, 0, 0
   \              00000000    
   \   000000A5   446174612064       DC8 "Data d/m/r"
   \              2F6D2F7200  
   \   000000B0   00000000           DC8 0, 0, 0, 0
   \   000000B4   446174612F43       DC8 "Data/Czas"
   \              7A617300    
   \   000000BE   0000000000         DC8 0, 0, 0, 0, 0
   \   000000C3   4861736C6100       DC8 "Hasla"
   \   000000C9   000000000000       DC8 0, 0, 0, 0, 0, 0, 0, 0, 0
   \              000000      
   \   000000D2   506F6C736B69       DC8 "Polski"
   \              00          
   \   000000D9   000000000000       DC8 0, 0, 0, 0, 0, 0, 0, 0
   \              0000        
   \   000000E1   416E6769656C       DC8 "Angielski"
   \              736B6900    
   \   000000EB   0000000000         DC8 0, 0, 0, 0, 0
   \   000000F0   4E617A776120       DC8 "Nazwa prog."
   \              70726F672E00
   \   000000FC   000000             DC8 0, 0, 0
   \   000000FF   44617461206D       DC8 "Data modyfi."
   \              6F647966692E
   \              00          
   \   0000010C   0000               DC8 0, 0
   \   0000010E   437A61732063       DC8 "Czas cyklu"
   \              796B6C7500  
   \   00000119   00000000           DC8 0, 0, 0, 0
   \   0000011D   5A6D69616E61       DC8 "Zmiana hasla"
   \              206861736C61
   \              00          
   \   0000012A   0000               DC8 0, 0
   \   0000012C   506F7A696F6D       DC8 "Poziom 1"
   \              203100      
   \   00000135   000000000000       DC8 0, 0, 0, 0, 0, 0
   \   0000013B   506F7A696F6D       DC8 "Poziom 2"
   \              203200      
   \   00000144   000000000000       DC8 0, 0, 0, 0, 0, 0
   \   0000014A   506F7A696F6D       DC8 "Poziom 3"
   \              203300      
   \   00000153   000000000000       DC8 0, 0, 0, 0, 0, 0
   \   00000159   57656A2F5779       DC8 "Wej/Wyj"
   \              6A00        
   \   00000161   000000000000       DC8 0, 0, 0, 0, 0, 0, 0
   \              00          
   \   00000168   506F7A696F6D       DC8 "Poziom dostep"
   \              20646F737465
   \              7000        
   \   00000176   00                 DC8 0
   \   00000177   4F6265636E65       DC8 "Obecne haslo:"
   \              206861736C6F
   \              3A00        
   \   00000185   00                 DC8 0
   \   00000186   4E6F77652068       DC8 "Nowe haslo:"
   \              61736C6F3A00
   \   00000192   000000             DC8 0, 0, 0
   \   00000195   577069737A00       DC8 "Wpisz"
   \   0000019B   000000000000       DC8 0, 0, 0, 0, 0, 0, 0, 0, 0
   \              000000      
   \   000001A4   426C65646E65       DC8 "Bledne"
   \              00          
   \   000001AB   000000000000       DC8 0, 0, 0, 0, 0, 0, 0, 0
   \              0000        
   \   000001B3   6861736C6F00       DC8 "haslo"
   \   000001B9   000000000000       DC8 0, 0, 0, 0, 0, 0, 0, 0, 0
   \              000000      
   \   000001C2   4E6F776500         DC8 "Nowe"
   \   000001C7   000000000000       DC8 0, 0, 0, 0, 0, 0, 0, 0, 0, 0
   \              00000000    
   \   000001D1   4861736C6F3A       DC8 "Haslo:"
   \              00          
   \   000001D8   000000000000       DC8 0, 0, 0, 0, 0, 0, 0, 0
   \              0000        
   \   000001E0   526573746172       DC8 "Restart ster."
   \              742073746572
   \              2E00        
   \   000001EE   00                 DC8 0
   \   000001EF   506F74776965       DC8 "Potwierdz"
   \              72647A00    
   \   000001F9   0000000000         DC8 0, 0, 0, 0, 0
   \   000001FE   5379676E616C       DC8 "Sygnaly"
   \              7900        
   \   00000206   000000000000       DC8 0, 0, 0, 0, 0, 0, 0
   \              00          
   \   0000020D   4D6F6E69746F       DC8 "Monitoring"
   \              72696E6700  
   \   00000218   00000000           DC8 0, 0, 0, 0
   \   0000021C   4F70636A6500       DC8 "Opcje"
   \   00000222   000000000000       DC8 0, 0, 0, 0, 0, 0, 0, 0, 0
   \              000000      
   \   0000022B   4F64666F7273       DC8 "Odforsuj"
   \              756A00      
   \   00000234   000000000000       DC8 0, 0, 0, 0, 0, 0
   \   0000023A   466F7273756A       DC8 "Forsuj"
   \              00          
   \   00000241   000000000000       DC8 0, 0, 0, 0, 0, 0, 0, 0
   \              0000        
   \   00000249   4D6F6E69746F       DC8 "Monitoruj"
   \              72756A00    
   \   00000253   0000000000         DC8 0, 0, 0, 0, 0
   \   00000258   446F73746570       DC8 "Dostep"
   \              00          
   \   0000025F   000000000000       DC8 0, 0, 0, 0, 0, 0, 0, 0
   \              0000        
   \   00000267   7A617374727A       DC8 "zastrzezony"
   \              657A6F6E7900
   \   00000273   000000             DC8 0, 0, 0
   \   00000276   4272616B00         DC8 "Brak"
   \   0000027B   000000000000       DC8 0, 0, 0, 0, 0, 0, 0, 0, 0, 0
   \              00000000    
   \   00000285   6D69656A7363       DC8 "miejsca"
   \              6100        
   \   0000028D   000000000000       DC8 0, 0, 0, 0, 0, 0, 0
   \              00          
   \   00000294   4973746E6965       DC8 "Istnieje"
   \              6A6500      
   \   0000029D   000000000000       DC8 0, 0, 0, 0, 0, 0
   \   000002A3   507573746500       DC8 "Puste"
   \   000002A9   000000000000       DC8 0, 0, 0, 0, 0, 0, 0, 0, 0
   \              000000      
   \   000002B2   537461727420       DC8 "Start ster."
   \              737465722E00
   \   000002BE   000000             DC8 0, 0, 0
   \   000002C1   437A79736320       DC8 "Czysc rejestr"
   \              72656A657374
   \              7200        
   \   000002CF   00                 DC8 0
   \   000002D0   437A79737A63       DC8 "Czyszcz rej"
   \              7A2072656A00
   \   000002DC   000000             DC8 0, 0, 0
   \   000002DF   4B6F6E666967       DC8 "Konfig."
   \              2E00        
   \   000002E7   000000000000       DC8 0, 0, 0, 0, 0, 0, 0
   \              00          
   \   000002EE   50726F636564       DC8 "Procedura"
   \              75726100    
   \   000002F8   0000000000         DC8 0, 0, 0, 0, 0
   \   000002FD   5374616E2077       DC8 "Stan wej. "
   \              656A2E2000  
   \   00000308   00000000           DC8 0, 0, 0, 0
   \   0000030C   4E65672E2077       DC8 "Neg. wej."
   \              656A2E00    
   \   00000316   0000000000         DC8 0, 0, 0, 0, 0
   \   0000031B   5374616E2077       DC8 "Stan wyj. "
   \              796A2E2000  
   \   00000326   00000000           DC8 0, 0, 0, 0
   \   0000032A   53742E20616C       DC8 "St. alert "
   \              6572742000  
   \   00000335   00000000           DC8 0, 0, 0, 0
   \   00000339   53742E207469       DC8 "St. timer "
   \              6D65722000  
   \   00000344   00000000           DC8 0, 0, 0, 0
   \   00000348   53742E207469       DC8 "St. tim. N "
   \              6D2E204E2000
   \   00000354   000000             DC8 0, 0, 0
   \   00000357   557374617720       DC8 "Ustaw wy"
   \              777900      
   \   00000360   000000000000       DC8 0, 0, 0, 0, 0, 0
   \   00000366   57792E6E6120       DC8 "Wy.na 1"
   \              3100        
   \   0000036E   000000000000       DC8 0, 0, 0, 0, 0, 0, 0
   \              00          
   \   00000375   57792E206E61       DC8 "Wy. na 0"
   \              203000      
   \   0000037E   000000000000       DC8 0, 0, 0, 0, 0, 0
   \   00000384   54696D657220       DC8 "Timer rst. "
   \              7273742E2000
   \   00000390   000000             DC8 0, 0, 0
   \   00000393   5A6567617220       DC8 "Zegar rst. "
   \              7273742E2000
   \   0000039F   000000             DC8 0, 0, 0
   \   000003A2   576C2E536365       DC8 "Wl.Scene "
   \              6E652000    
   \   000003AC   0000000000         DC8 0, 0, 0, 0, 0
   \   000003B1   496E632E5363       DC8 "Inc.Scen "
   \              656E2000    
   \   000003BB   0000000000         DC8 0, 0, 0, 0, 0
   \   000003C0   4465632E5363       DC8 "Dec.Scen "
   \              656E2000    
   \   000003CA   0000000000         DC8 0, 0, 0, 0, 0
   \   000003CF   54696D657220       DC8 "Timer "
   \              00          
   \   000003D6   000000000000       DC8 0, 0, 0, 0, 0, 0, 0, 0
   \              0000        
   \   000003DE   5A6567617220       DC8 "Zegar "
   \              00          
   \   000003E5   000000000000       DC8 0, 0, 0, 0, 0, 0, 0, 0
   \              0000        
   \   000003ED   496C2E207365       DC8 "Il. sekund: "
   \              6B756E643A20
   \              00          
   \   000003FA   0000               DC8 0, 0
   \   000003FC   53742E205363       DC8 "St. Sceny "
   \              656E792000  
   \   00000407   00000000           DC8 0, 0, 0, 0
   \   0000040B   446F64616A20       DC8 44H, 6FH, 64H, 61H, 6AH, 20H, 77H, 69H
   \              7769        
   \   00000413   6572737A2020       DC8 65H, 72H, 73H, 7AH, 20H, 20H, 20H
   \              20          
   \   0000041A   5573756E2077       DC8 55H, 73H, 75H, 6EH, 20H, 77H, 69H, 65H
   \              6965        
   \   00000422   72737A202020       DC8 72H, 73H, 7AH, 20H, 20H, 20H, 20H
   \              20          
   \   00000429   57696572737A       DC8 57H, 69H, 65H, 72H, 73H, 7AH, 20H, 6EH
   \              206E        
   \   00000431   723A20202020       DC8 72H, 3AH, 20H, 20H, 20H, 20H, 20H
   \              20          
   \   00000438   7A2070726F63       DC8 "z procedurami"
   \              65647572616D
   \              6900        
   \   00000446   00                 DC8 0
   \   00000447   5A617069737A       DC8 "Zapisz "
   \              2000        
   \   0000044F   000000000000       DC8 0, 0, 0, 0, 0, 0, 0
   \              00          
   \   00000456   7A6D69616E79       DC8 "zmiany "
   \              2000        
   \   0000045E   000000000000       DC8 0, 0, 0, 0, 0, 0, 0
   \              00          
   \   00000465   5374796C2031       DC8 "Styl 1"
   \              00          
   \   0000046C   000000000000       DC8 0, 0, 0, 0, 0, 0, 0, 0
   \              0000        
   \   00000474   5374796C2032       DC8 "Styl 2"
   \              00          
   \   0000047B   000000000000       DC8 0, 0, 0, 0, 0, 0, 0, 0
   \              0000        
   \   00000483   5374796C2033       DC8 "Styl 3"
   \              00          
   \   0000048A   000000000000       DC8 0, 0, 0, 0, 0, 0, 0, 0
   \              0000        
   \   00000492   5374796C2034       DC8 "Styl 4"
   \              00          
   \   00000499   000000000000       DC8 0, 0, 0, 0, 0, 0, 0, 0
   \              0000        
   \   000004A1   5374796C2035       DC8 "Styl 5"
   \              00          
   \   000004A8   000000000000       DC8 0, 0, 0, 0, 0, 0, 0, 0
   \              0000        
   \   000004B0   5374796C2036       DC8 "Styl 6"
   \              00          
   \   000004B7   000000000000       DC8 0, 0, 0, 0, 0, 0, 0, 0
   \              0000        
   \   000004BF   5374796C2037       DC8 "Styl 7"
   \              00          
   \   000004C6   000000000000       DC8 0, 0, 0, 0, 0, 0, 0, 0
   \              0000        
   \   000004CE   5374796C2038       DC8 "Styl 8"
   \              00          
   \   000004D5   000000000000       DC8 0, 0, 0, 0, 0, 0, 0, 0
   \              0000        
   \   000004DD   456B72616E20       DC8 "Ekran "
   \              00          
   \   000004E4   000000000000       DC8 0, 0, 0, 0, 0, 0, 0, 0
   \              0000        
   \   000004EC   47726166696B       DC8 "Grafika"
   \              6100        
   \   000004F4   000000000000       DC8 0, 0, 0, 0, 0, 0, 0
   \              00          
   \   000004FB   4E756D657220       DC8 4EH, 75H, 6DH, 65H, 72H, 20H, 73H, 63H
   \              7363        
   \   00000503   6E656E792020       DC8 6EH, 65H, 6EH, 79H, 20H, 20H, 20H
   \              20          
   \   0000050A   5A6D69616E61       DC8 "Zmiana "
   \              2000        
   \   00000512   000000000000       DC8 0, 0, 0, 0, 0, 0, 0
   \              00          
   \   00000519   446F74796B20       DC8 "Dotyk "
   \              00          
   \   00000520   000000000000       DC8 0, 0, 0, 0, 0, 0, 0, 0
   \              0000        
   \   00000528   446F746B6E69       DC8 "Dotknij "
   \              6A2000      
   \   00000531   000000000000       DC8 0, 0, 0, 0, 0, 0
   \   00000537   70726563797A       DC8 "precyzyjnie "
   \              796A6E696520
   \              00          
   \   00000544   0000               DC8 0, 0
   \   00000546   77736B617A6E       DC8 "wskaznik "
   \              696B2000    
   \   00000550   0000000000         DC8 0, 0, 0, 0, 0
   \   00000555   4861736C6F20       DC8 "Haslo wl. "
   \              776C2E2000  
   \   00000560   00000000           DC8 0, 0, 0, 0
   \   00000564   447A69656E20       DC8 "Dzien tyg. "
   \              7479672E2000
   \   00000570   000000             DC8 0, 0, 0
   \   00000573   526F6B2000         DC8 "Rok "
   \   00000578   000000000000       DC8 0, 0, 0, 0, 0, 0, 0, 0, 0, 0
   \              00000000    
   \   00000582   4D6965736961       DC8 "Miesiac "
   \              632000      
   \   0000058B   000000000000       DC8 0, 0, 0, 0, 0, 0
   \   00000591   447A69656E20       DC8 "Dzien "
   \              00          
   \   00000598   000000000000       DC8 0, 0, 0, 0, 0, 0, 0, 0
   \              0000        
   \   000005A0   476F647A696E       DC8 "Godzina "
   \              612000      
   \   000005A9   000000000000       DC8 0, 0, 0, 0, 0, 0
   \   000005AF   4D696E757461       DC8 "Minuta "
   \              2000        
   \   000005B7   000000000000       DC8 0, 0, 0, 0, 0, 0, 0
   \              00          
   \   000005BE   53656B756E64       DC8 "Sekunda "
   \              612000      
   \   000005C7   000000000000       DC8 0, 0, 0, 0, 0, 0
   \   000005CD   5479703A2000       DC8 "Typ: "
   \   000005D3   000000000000       DC8 0, 0, 0, 0, 0, 0, 0, 0, 0
   \              000000      
   \   000005DC   576172746F73       DC8 "Wartosc "
   \              632000      
   \   000005E5   000000000000       DC8 0, 0, 0, 0, 0, 0
   \   000005EB   50727A796369       DC8 "Przycisk "
   \              736B2000    
   \   000005F5   0000000000         DC8 0, 0, 0, 0, 0
   \   000005FA   416B636A6120       DC8 "Akcja "
   \              00          
   \   00000601   000000000000       DC8 0, 0, 0, 0, 0, 0, 0, 0
   \              0000        
   \   00000609   4F74776F727A       DC8 "Otworz strone "
   \              207374726F6E
   \              652000      
   \   00000618   57796C2E00         DC8 "Wyl."
   \   0000061D   000000000000       DC8 0, 0, 0, 0, 0, 0, 0, 0, 0, 0
   \              00000000    
   \   00000627   57657A6C7920       DC8 "Wezly "
   \              00          
   \   0000062E   000000000000       DC8 0, 0, 0, 0, 0, 0, 0, 0
   \              0000        
   \   00000636   4B616E616C20       DC8 "Kanal RF "
   \              52462000    
   \   00000640   0000000000         DC8 0, 0, 0, 0, 0
   \   00000645   4B616E616C20       DC8 "Kanal zajety "
   \              7A616A657479
   \              2000        
   \   00000653   00                 DC8 0
   \   00000654   57796761737A       DC8 "Wygaszacz"
   \              61637A00    
   \   0000065E   0000000000         DC8 0, 0, 0, 0, 0
   \   00000663   476F647A2E20       DC8 "Godz. wl."
   \              776C2E00    
   \   0000066D   0000000000         DC8 0, 0, 0, 0, 0
   \   00000672   476F647A2E20       DC8 "Godz. wyl."
   \              77796C2E00  
   \   0000067D   00000000           DC8 0, 0, 0, 0
   \   00000681   547279622053       DC8 "Tryb Slave "
   \              6C6176652000
   \   0000068D   000000             DC8 0, 0, 0
   \   00000690   54727962204D       DC8 "Tryb Master "
   \              617374657220
   \              00          
   \   0000069D   0000               DC8 0, 0
   \   0000069F   4E6965646F73       DC8 "Niedostepne "
   \              7465706E6520
   \              00          
   \   000006AC   0000               DC8 0, 0
   \   000006AE   772074727962       DC8 77H, 20H, 74H, 72H, 79H, 62H, 69H, 65H
   \              6965        
   \   000006B6   20536C617665       DC8 20H, 53H, 6CH, 61H, 76H, 65H, 20H
   \              20          
   \   000006BD   447A7769656B       DC8 "Dzwiek "
   \              2000        
   \   000006C5   000000000000       DC8 0, 0, 0, 0, 0, 0, 0
   \              00          
   \   000006CC   546865726D6F       DC8 "Thermostat "
   \              737461742000
   \   000006D8   000000             DC8 0, 0, 0
   \   000006DB   505753435053       DC8 "PWSCPSN "
   \              4E2000      
   \   000006E4   000000000000       DC8 0, 0, 0, 0, 0, 0
   \   000006EA   437A756A6E69       DC8 "Czujnik"
   \              6B00        
   \   000006F2   000000000000       DC8 0, 0, 0, 0, 0, 0, 0
   \              00          
   \   000006F9   57796B6F6E61       DC8 "Wykonawca"
   \              77636100    
   \   00000703   0000000000         DC8 0, 0, 0, 0, 0
   \   00000708   5465787400         DC8 "Text"
   \   0000070D   000000000000       DC8 0, 0, 0, 0, 0, 0, 0, 0, 0, 0
   \              00000000    
   \   00000717   556B72796A00       DC8 "Ukryj"
   \   0000071D   000000000000       DC8 0, 0, 0, 0, 0, 0, 0, 0, 0
   \              000000      
   \   00000726   557374617700       DC8 "Ustaw"
   \   0000072C   000000000000       DC8 0, 0, 0, 0, 0, 0, 0, 0, 0
   \              000000      
   \   00000735   5465726D6F2E       DC8 "Termo."
   \              00          
   \   0000073C   000000000000       DC8 0, 0, 0, 0, 0, 0, 0, 0
   \              0000        
   \   00000744   54656D706572       DC8 "Temperatura"
   \              617475726100
   \   00000750   000000             DC8 0, 0, 0
   \   00000753   5465726D696E       DC8 "Terminarz"
   \              61727A00    
   \   0000075D   0000000000         DC8 0, 0, 0, 0, 0
   \   00000762   536572776973       DC8 "Serwis"
   \              00          
   \   00000769   000000000000       DC8 0, 0, 0, 0, 0, 0, 0, 0
   \              0000        
   \   00000771   437A79736320       DC8 "Czysc pamiec"
   \              70616D696563
   \              00          
   \   0000077E   0000               DC8 0, 0
   \   00000780   57796A647A00       DC8 "Wyjdz"
   \   00000786   000000000000       DC8 0, 0, 0, 0, 0, 0, 0, 0, 0
   \              000000      
   \   0000078F   576C2E6F6368       DC8 "Wl.ochrone"
   \              726F6E6500  
   \   0000079A   00000000           DC8 0, 0, 0, 0
   \   0000079E   5A6D69656E20       DC8 "Zmien Haslo"
   \              4861736C6F00
   \   000007AA   000000             DC8 0, 0, 0
   \   000007AD   537972656E61       DC8 "Syrena"
   \              00          
   \   000007B4   000000000000       DC8 0, 0, 0, 0, 0, 0, 0, 0
   \              0000        
   \   000007BC   416B74797761       DC8 "Aktywacja za"
   \              636A61207A61
   \              00          
   \   000007C9   0000               DC8 0, 0
   \   000007CB   4861736C6F20       DC8 "Haslo poprawne"
   \              706F70726177
   \              6E6500      
   \   000007DA   426C65646E65       DC8 "Bledne haslo"
   \              206861736C6F
   \              00          
   \   000007E7   0000               DC8 0, 0
   \   000007E9   4F6368726F6E       DC8 "Ochrona wyl."
   \              612077796C2E
   \              00          
   \   000007F6   0000               DC8 0, 0
   \   000007F8   476C6F736E69       DC8 "Glosnik"
   \              6B00        
   \   00000800   000000000000       DC8 0, 0, 0, 0, 0, 0, 0
   \              00          
   \   00000807   57796C61646F       DC8 "Wyladowana"
   \              77616E6100  
   \   00000812   00000000           DC8 0, 0, 0, 0
   \   00000816   626174657269       DC8 "bateria"
   \              6100        
   \   0000081E   000000000000       DC8 0, 0, 0, 0, 0, 0, 0
   \              00          
   \   00000825   537072617764       DC8 "Sprawdz"
   \              7A00        
   \   0000082D   000000000000       DC8 0, 0, 0, 0, 0, 0, 0
   \              00          
   \   00000834   6C6973746520       DC8 "liste wezlow"
   \              77657A6C6F77
   \              00          
   \   00000841   0000               DC8 0, 0
   \   00000843   5A6D69656E20       DC8 "Zmien ID"
   \              494400      
   \   0000084C   000000000000       DC8 0, 0, 0, 0, 0, 0
   \   00000852   5573756E2049       DC8 "Usun ID"
   \              4400        
   \   0000085A   000000000000       DC8 0, 0, 0, 0, 0, 0, 0
   \              00          
   \   00000861   5A6D69656E20       DC8 "Zmien opis"
   \              6F70697300  
   \   0000086C   00000000           DC8 0, 0, 0, 0
   \   00000870   5374616E2057       DC8 "Stan We/Wy"
   \              652F577900  
   \   0000087B   00000000           DC8 0, 0, 0, 0
   \   0000087F   546573742074       DC8 "Test trans."
   \              72616E732E00
   \   0000088B   000000             DC8 0, 0, 0
   \   0000088E   44616E652077       DC8 "Dane wyslane"
   \              79736C616E65
   \              00          
   \   0000089B   0000               DC8 0, 0
   \   0000089D   44616E65206F       DC8 "Dane odebrane"
   \              64656272616E
   \              6500        
   \   000008AB   00                 DC8 0
   \   000008AC   44616E652075       DC8 "Dane utracone"
   \              747261636F6E
   \              6500        
   \   000008BA   00                 DC8 0
   \   000008BB   5369656300         DC8 "Siec"
   \   000008C0   000000000000       DC8 0, 0, 0, 0, 0, 0, 0, 0, 0, 0
   \              00000000    
   \   000008CA   557374617720       DC8 "Ustaw Wi-Fi"
   \              57692D466900
   \   000008D6   000000             DC8 0, 0, 0
   \   000008D9   50756E6B7420       DC8 "Punkt dostepu"
   \              646F73746570
   \              7500        
   \   000008E7   00                 DC8 0
   \   000008E8   4E617A776100       DC8 "Nazwa"
   \   000008EE   000000000000       DC8 0, 0, 0, 0, 0, 0, 0, 0, 0
   \              000000      
   \   000008F7   506F6C61637A       DC8 "Polacz"
   \              00          
   \   000008FE   000000000000       DC8 0, 0, 0, 0, 0, 0, 0, 0
   \              0000        
   \   00000906   5A6D69656E00       DC8 "Zmien"
   \   0000090C   000000000000       DC8 0, 0, 0, 0, 0, 0, 0, 0, 0
   \              000000      
   \   00000915   4B6C75637A20       DC8 "Klucz seciowy"
   \              736563696F77
   \              7900        
   \   00000923   00                 DC8 0
   \   00000924   446F6D656E61       DC8 "Domena"
   \              00          
   \   0000092B   000000000000       DC8 0, 0, 0, 0, 0, 0, 0, 0
   \              0000        
   \   00000933   5363657A6B61       DC8 "Scezka (opcja)"
   \              20286F70636A
   \              612900      
   \   00000942   4E702E206365       DC8 "Np. ceuron.pl"
   \              75726F6E2E70
   \              6C00        
   \   00000950   00                 DC8 0
   \   00000951   4E702E202F68       DC8 "Np. /home"
   \              6F6D6500    
   \   0000095B   0000000000         DC8 0, 0, 0, 0, 0
   \   00000960   4D454E5500         DC8 "MENU"
   \   00000965   000000000000       DC8 0, 0, 0, 0, 0, 0, 0, 0, 0, 0
   \              00000000    
   \   0000096F   56617220616E       DC8 "Var analog."
   \              616C6F672E00
   \   0000097B   000000             DC8 0, 0, 0
   \   0000097E   566172206269       DC8 "Var binar."
   \              6E61722E00  
   \   00000989   00000000           DC8 0, 0, 0, 0
   \   0000098D   494F20737461       DC8 "IO states"
   \              74657300    
   \   00000997   0000000000         DC8 0, 0, 0, 0, 0
   \   0000099C   536574757000       DC8 "Setup"
   \   000009A2   000000000000       DC8 0, 0, 0, 0, 0, 0, 0, 0, 0
   \              000000      
   \   000009AB   526567697374       DC8 "Register"
   \              657200      
   \   000009B4   000000000000       DC8 0, 0, 0, 0, 0, 0
   \   000009BA   496E666F2020       DC8 "Info  "
   \              00          
   \   000009C1   000000000000       DC8 0, 0, 0, 0, 0, 0, 0, 0
   \              0000        
   \   000009C9   4C616E677561       DC8 "Language"
   \              676500      
   \   000009D2   000000000000       DC8 0, 0, 0, 0, 0, 0
   \   000009D8   54696D6500         DC8 "Time"
   \   000009DD   000000000000       DC8 0, 0, 0, 0, 0, 0, 0, 0, 0, 0
   \              00000000    
   \   000009E7   54696D652068       DC8 "Time h/m/s"
   \              2F6D2F7300  
   \   000009F2   00000000           DC8 0, 0, 0, 0
   \   000009F6   4461746500         DC8 "Date"
   \   000009FB   000000000000       DC8 0, 0, 0, 0, 0, 0, 0, 0, 0, 0
   \              00000000    
   \   00000A05   446174652064       DC8 "Date d/m/y"
   \              2F6D2F7900  
   \   00000A10   00000000           DC8 0, 0, 0, 0
   \   00000A14   446174652F54       DC8 "Date/Time"
   \              696D6500    
   \   00000A1E   0000000000         DC8 0, 0, 0, 0, 0
   \   00000A23   50617373776F       DC8 "Passwords"
   \              72647300    
   \   00000A2D   0000000000         DC8 0, 0, 0, 0, 0
   \   00000A32   506F6C697368       DC8 "Polish  "
   \              202000      
   \   00000A3B   000000000000       DC8 0, 0, 0, 0, 0, 0
   \   00000A41   456E676C6973       DC8 "English  "
   \              68202000    
   \   00000A4B   0000000000         DC8 0, 0, 0, 0, 0
   \   00000A50   4170706C692E       DC8 "Appli. name"
   \              206E616D6500
   \   00000A5C   000000             DC8 0, 0, 0
   \   00000A5F   4D6F64696669       DC8 "Modifi. Date"
   \              2E2044617465
   \              00          
   \   00000A6C   0000               DC8 0, 0
   \   00000A6E   4379636C6520       DC8 "Cycle time"
   \              74696D6500  
   \   00000A79   00000000           DC8 0, 0, 0, 0
   \   00000A7D   50617373776F       DC8 "Passwords"
   \              72647300    
   \   00000A87   0000000000         DC8 0, 0, 0, 0, 0
   \   00000A8C   4C6576656C20       DC8 "Level 1"
   \              3100        
   \   00000A94   000000000000       DC8 0, 0, 0, 0, 0, 0, 0
   \              00          
   \   00000A9B   4C6576656C20       DC8 "Level 2"
   \              3200        
   \   00000AA3   000000000000       DC8 0, 0, 0, 0, 0, 0, 0
   \              00          
   \   00000AAA   4C6576656C20       DC8 "Level 3"
   \              3300        
   \   00000AB2   000000000000       DC8 0, 0, 0, 0, 0, 0, 0
   \              00          
   \   00000AB9   496E2F4F7574       DC8 "In/Out"
   \              00          
   \   00000AC0   000000000000       DC8 0, 0, 0, 0, 0, 0, 0, 0
   \              0000        
   \   00000AC8   416363657373       DC8 "Access level"
   \              206C6576656C
   \              00          
   \   00000AD5   0000               DC8 0, 0
   \   00000AD7   4F6C64207061       DC8 "Old password:"
   \              7373776F7264
   \              3A00        
   \   00000AE5   00                 DC8 0
   \   00000AE6   4E6577207061       DC8 "New password:"
   \              7373776F7264
   \              3A00        
   \   00000AF4   00                 DC8 0
   \   00000AF5   496E73657274       DC8 "Insert"
   \              00          
   \   00000AFC   000000000000       DC8 0, 0, 0, 0, 0, 0, 0, 0
   \              0000        
   \   00000B04   57726F6E6700       DC8 "Wrong"
   \   00000B0A   000000000000       DC8 0, 0, 0, 0, 0, 0, 0, 0, 0
   \              000000      
   \   00000B13   70617373776F       DC8 "password"
   \              726400      
   \   00000B1C   000000000000       DC8 0, 0, 0, 0, 0, 0
   \   00000B22   4E657700           DC8 "New"
   \   00000B26   000000000000       DC8 0, 0, 0, 0, 0, 0, 0, 0, 0, 0, 0
   \              0000000000  
   \   00000B31   50617373776F       DC8 "Password:"
   \              72643A00    
   \   00000B3B   0000000000         DC8 0, 0, 0, 0, 0
   \   00000B40   526573746172       DC8 "Restart"
   \              7400        
   \   00000B48   000000000000       DC8 0, 0, 0, 0, 0, 0, 0
   \              00          
   \   00000B4F   436F6E666972       DC8 "Confirm"
   \              6D00        
   \   00000B57   000000000000       DC8 0, 0, 0, 0, 0, 0, 0
   \              00          
   \   00000B5E   5379676E616C       DC8 "Sygnals"
   \              7300        
   \   00000B66   000000000000       DC8 0, 0, 0, 0, 0, 0, 0
   \              00          
   \   00000B6D   4D6F6E69746F       DC8 "Monitoring"
   \              72696E6700  
   \   00000B78   00000000           DC8 0, 0, 0, 0
   \   00000B7C   4F7074696F6E       DC8 "Options"
   \              7300        
   \   00000B84   000000000000       DC8 0, 0, 0, 0, 0, 0, 0
   \              00          
   \   00000B8B   556E666F7263       DC8 "Unforce all"
   \              6520616C6C00
   \   00000B97   000000             DC8 0, 0, 0
   \   00000B9A   466F72636500       DC8 "Force"
   \   00000BA0   000000000000       DC8 0, 0, 0, 0, 0, 0, 0, 0, 0
   \              000000      
   \   00000BA9   4D6F6E69746F       DC8 "Monitoring"
   \              72696E6700  
   \   00000BB4   00000000           DC8 0, 0, 0, 0
   \   00000BB8   416363657373       DC8 "Access"
   \              00          
   \   00000BBF   000000000000       DC8 0, 0, 0, 0, 0, 0, 0, 0
   \              0000        
   \   00000BC7   64656E696564       DC8 "denied"
   \              00          
   \   00000BCE   000000000000       DC8 0, 0, 0, 0, 0, 0, 0, 0
   \              0000        
   \   00000BD6   4E6F00             DC8 "No"
   \   00000BD9   000000000000       DC8 0, 0, 0, 0, 0, 0, 0, 0, 0, 0, 0, 0
   \              000000000000
   \   00000BE5   737061636500       DC8 "space"
   \   00000BEB   000000000000       DC8 0, 0, 0, 0, 0, 0, 0, 0, 0
   \              000000      
   \   00000BF4   457869737400       DC8 "Exist"
   \   00000BFA   000000000000       DC8 0, 0, 0, 0, 0, 0, 0, 0, 0
   \              000000      
   \   00000C03   456D70747900       DC8 "Empty"
   \   00000C09   000000000000       DC8 0, 0, 0, 0, 0, 0, 0, 0, 0
   \              000000      
   \   00000C12   537461727420       DC8 "Start cont."
   \              636F6E742E00
   \   00000C1E   000000             DC8 0, 0, 0
   \   00000C21   436C65616E20       DC8 "Clean regist."
   \              726567697374
   \              2E00        
   \   00000C2F   00                 DC8 0
   \   00000C30   436C65616E20       DC8 "Clean regist"
   \              726567697374
   \              00          
   \   00000C3D   0000               DC8 0, 0
   \   00000C3F   4B6F6E666967       DC8 "Konfig."
   \              2E00        
   \   00000C47   000000000000       DC8 0, 0, 0, 0, 0, 0, 0
   \              00          
   \   00000C4E   50726F636564       DC8 "Procedure"
   \              75726500    
   \   00000C58   0000000000         DC8 0, 0, 0, 0, 0
   \   00000C5D   496E2E737461       DC8 "In.state "
   \              74652000    
   \   00000C67   0000000000         DC8 0, 0, 0, 0, 0
   \   00000C6C   4E65672E2049       DC8 "Neg. In."
   \              6E2E00      
   \   00000C75   000000000000       DC8 0, 0, 0, 0, 0, 0
   \   00000C7B   4F75742E7374       DC8 "Out.state "
   \              6174652000  
   \   00000C86   00000000           DC8 0, 0, 0, 0
   \   00000C8A   436C6F636B20       DC8 "Clock st. "
   \              73742E2000  
   \   00000C95   00000000           DC8 0, 0, 0, 0
   \   00000C99   5469656D6572       DC8 "Tiemer st. "
   \              2073742E2000
   \   00000CA5   000000             DC8 0, 0, 0
   \   00000CA8   54696D2E2073       DC8 "Tim. st. N. "
   \              742E204E2E20
   \              00          
   \   00000CB5   0000               DC8 0, 0
   \   00000CB7   536574206F75       DC8 "Set out "
   \              742000      
   \   00000CC0   000000000000       DC8 0, 0, 0, 0, 0, 0
   \   00000CC6   536574205120       DC8 "Set Q to 1"
   \              746F203100  
   \   00000CD1   00000000           DC8 0, 0, 0, 0
   \   00000CD5   536574205120       DC8 "Set Q to 0"
   \              746F203000  
   \   00000CE0   00000000           DC8 0, 0, 0, 0
   \   00000CE4   54696D657220       DC8 "Timer rst. "
   \              7273742E2000
   \   00000CF0   000000             DC8 0, 0, 0
   \   00000CF3   436C6F636B20       DC8 "Clock rst. "
   \              7273742E2000
   \   00000CFF   000000             DC8 0, 0, 0
   \   00000D02   5363656E6520       DC8 "Scene on "
   \              6F6E2000    
   \   00000D0C   0000000000         DC8 0, 0, 0, 0, 0
   \   00000D11   496E632E5363       DC8 "Inc.Scen. "
   \              656E2E2000  
   \   00000D1C   00000000           DC8 0, 0, 0, 0
   \   00000D20   4465632E5363       DC8 "Dec.Scen. "
   \              656E2E2000  
   \   00000D2B   00000000           DC8 0, 0, 0, 0
   \   00000D2F   54696D657220       DC8 "Timer "
   \              00          
   \   00000D36   000000000000       DC8 0, 0, 0, 0, 0, 0, 0, 0
   \              0000        
   \   00000D3E   416C65727420       DC8 "Alert "
   \              00          
   \   00000D45   000000000000       DC8 0, 0, 0, 0, 0, 0, 0, 0
   \              0000        
   \   00000D4D   5365636F6E64       DC8 "Seconds: "
   \              733A2000    
   \   00000D57   0000000000         DC8 0, 0, 0, 0, 0
   \   00000D5C   5363656E6520       DC8 "Scene st. "
   \              73742E2000  
   \   00000D67   00000000           DC8 0, 0, 0, 0
   \   00000D6B   41646420726F       DC8 "Add row "
   \              772000      
   \   00000D74   000000000000       DC8 0, 0, 0, 0, 0, 0
   \   00000D7A   52656D6F7665       DC8 52H, 65H, 6DH, 6FH, 76H, 65H, 20H, 72H
   \              2072        
   \   00000D82   6F7720202020       DC8 6FH, 77H, 20H, 20H, 20H, 20H, 20H
   \              20          
   \   00000D89   526F77206E72       DC8 52H, 6FH, 77H, 20H, 6EH, 72H, 3AH, 20H
   \              3A20        
   \   00000D91   202020202020       DC8 20H, 20H, 20H, 20H, 20H, 20H, 20H
   \              20          
   \   00000D98   776974682070       DC8 "with proced."
   \              726F6365642E
   \              00          
   \   00000DA5   0000               DC8 0, 0
   \   00000DA7   5361766500         DC8 "Save"
   \   00000DAC   000000000000       DC8 0, 0, 0, 0, 0, 0, 0, 0, 0, 0
   \              00000000    
   \   00000DB6   6368616E6765       DC8 "changes"
   \              7300        
   \   00000DBE   000000000000       DC8 0, 0, 0, 0, 0, 0, 0
   \              00          
   \   00000DC5   44657369676E       DC8 "Design 1"
   \              203100      
   \   00000DCE   000000000000       DC8 0, 0, 0, 0, 0, 0
   \   00000DD4   44657369676E       DC8 "Design 2"
   \              203200      
   \   00000DDD   000000000000       DC8 0, 0, 0, 0, 0, 0
   \   00000DE3   44657369676E       DC8 "Design 3"
   \              203300      
   \   00000DEC   000000000000       DC8 0, 0, 0, 0, 0, 0
   \   00000DF2   44657369676E       DC8 "Design 4"
   \              203400      
   \   00000DFB   000000000000       DC8 0, 0, 0, 0, 0, 0
   \   00000E01   44657369676E       DC8 "Design 5"
   \              203500      
   \   00000E0A   000000000000       DC8 0, 0, 0, 0, 0, 0
   \   00000E10   44657369676E       DC8 "Design 6"
   \              203600      
   \   00000E19   000000000000       DC8 0, 0, 0, 0, 0, 0
   \   00000E1F   44657369676E       DC8 "Design 7"
   \              203700      
   \   00000E28   000000000000       DC8 0, 0, 0, 0, 0, 0
   \   00000E2E   44657369676E       DC8 "Design 8"
   \              203800      
   \   00000E37   000000000000       DC8 0, 0, 0, 0, 0, 0
   \   00000E3D   53637265656E       DC8 "Screen "
   \              2000        
   \   00000E45   000000000000       DC8 0, 0, 0, 0, 0, 0, 0
   \              00          
   \   00000E4C   477261706869       DC8 "Graphics "
   \              63732000    
   \   00000E56   0000000000         DC8 0, 0, 0, 0, 0
   \   00000E5B   5363656E6520       DC8 "Scene number "
   \              6E756D626572
   \              2000        
   \   00000E69   00                 DC8 0
   \   00000E6A   4368616E6765       DC8 "Change "
   \              2000        
   \   00000E72   000000000000       DC8 0, 0, 0, 0, 0, 0, 0
   \              00          
   \   00000E79   546F75636820       DC8 "Touch "
   \              00          
   \   00000E80   000000000000       DC8 0, 0, 0, 0, 0, 0, 0, 0
   \              0000        
   \   00000E88   546F75636820       DC8 "Touch "
   \              00          
   \   00000E8F   000000000000       DC8 0, 0, 0, 0, 0, 0, 0, 0
   \              0000        
   \   00000E97   707265636973       DC8 "precisely "
   \              656C792000  
   \   00000EA2   00000000           DC8 0, 0, 0, 0
   \   00000EA6   706F696E7465       DC8 "pointer "
   \              722000      
   \   00000EAF   000000000000       DC8 0, 0, 0, 0, 0, 0
   \   00000EB5   506173732E20       DC8 "Pass. on. "
   \              6F6E2E2000  
   \   00000EC0   00000000           DC8 0, 0, 0, 0
   \   00000EC4   446179206F66       DC8 "Day of week "
   \              207765656B20
   \              00          
   \   00000ED1   0000               DC8 0, 0
   \   00000ED3   596561722000       DC8 "Year "
   \   00000ED9   000000000000       DC8 0, 0, 0, 0, 0, 0, 0, 0, 0
   \              000000      
   \   00000EE2   4D6F756E7468       DC8 "Mounth "
   \              2000        
   \   00000EEA   000000000000       DC8 0, 0, 0, 0, 0, 0, 0
   \              00          
   \   00000EF1   4461792000         DC8 "Day "
   \   00000EF6   000000000000       DC8 0, 0, 0, 0, 0, 0, 0, 0, 0, 0
   \              00000000    
   \   00000F00   486F75722000       DC8 "Hour "
   \   00000F06   000000000000       DC8 0, 0, 0, 0, 0, 0, 0, 0, 0
   \              000000      
   \   00000F0F   4D696E757465       DC8 "Minute "
   \              2000        
   \   00000F17   000000000000       DC8 0, 0, 0, 0, 0, 0, 0
   \              00          
   \   00000F1E   5365636F6E64       DC8 "Second "
   \              2000        
   \   00000F26   000000000000       DC8 0, 0, 0, 0, 0, 0, 0
   \              00          
   \   00000F2D   547970653A20       DC8 "Type: "
   \              00          
   \   00000F34   000000000000       DC8 0, 0, 0, 0, 0, 0, 0, 0
   \              0000        
   \   00000F3C   56616C756520       DC8 "Value "
   \              00          
   \   00000F43   000000000000       DC8 0, 0, 0, 0, 0, 0, 0, 0
   \              0000        
   \   00000F4B   427574746F6E       DC8 "Button "
   \              2000        
   \   00000F53   000000000000       DC8 0, 0, 0, 0, 0, 0, 0
   \              00          
   \   00000F5A   416374696F6E       DC8 "Action "
   \              2000        
   \   00000F62   000000000000       DC8 0, 0, 0, 0, 0, 0, 0
   \              00          
   \   00000F69   4F70656E2070       DC8 "Open page "
   \              6167652000  
   \   00000F74   00000000           DC8 0, 0, 0, 0
   \   00000F78   4F666600           DC8 "Off"
   \   00000F7C   000000000000       DC8 0, 0, 0, 0, 0, 0, 0, 0, 0, 0, 0
   \              0000000000  
   \   00000F87   4E6F64657320       DC8 "Nodes "
   \              00          
   \   00000F8E   000000000000       DC8 0, 0, 0, 0, 0, 0, 0, 0
   \              0000        
   \   00000F96   524620636861       DC8 "RF channel"
   \              6E6E656C00  
   \   00000FA1   00000000           DC8 0, 0, 0, 0
   \   00000FA5   4368616E6E65       DC8 43H, 68H, 61H, 6EH, 6EH, 65H, 6CH, 20H
   \              6C20        
   \   00000FAD   456E67616765       DC8 45H, 6EH, 67H, 61H, 67H, 65H, 20H
   \              20          
   \   00000FB4   53637265656E       DC8 "Screensever"
   \              736576657200
   \   00000FC0   000000             DC8 0, 0, 0
   \   00000FC3   54696D65206F       DC8 "Time on"
   \              6E00        
   \   00000FCB   000000000000       DC8 0, 0, 0, 0, 0, 0, 0
   \              00          
   \   00000FD2   54696D65206F       DC8 "Time off"
   \              666600      
   \   00000FDB   000000000000       DC8 0, 0, 0, 0, 0, 0
   \   00000FE1   536C61766520       DC8 "Slave mode"
   \              6D6F646500  
   \   00000FEC   00000000           DC8 0, 0, 0, 0
   \   00000FF0   4D6173746572       DC8 "Master mode"
   \              206D6F646500
   \   00000FFC   000000             DC8 0, 0, 0
   \   00000FFF   556E61766169       DC8 "Unavailable "
   \              6C61626C6520
   \              00          
   \   0000100C   0000               DC8 0, 0
   \   0000100E   696E20536C61       DC8 "in Slave mode "
   \              7665206D6F64
   \              652000      
   \   0000101D   536F756E6420       DC8 "Sound "
   \              00          
   \   00001024   000000000000       DC8 0, 0, 0, 0, 0, 0, 0, 0
   \              0000        
   \   0000102C   546865726D6F       DC8 "Thermostat "
   \              737461742000
   \   00001038   000000             DC8 0, 0, 0
   \   0000103B   4D5457544653       DC8 "MTWTFSS "
   \              532000      
   \   00001044   000000000000       DC8 0, 0, 0, 0, 0, 0
   \   0000104A   53656E736F72       DC8 "Sensor"
   \              00          
   \   00001051   000000000000       DC8 0, 0, 0, 0, 0, 0, 0, 0
   \              0000        
   \   00001059   457865637574       DC8 "Executor"
   \              6F7200      
   \   00001062   000000000000       DC8 0, 0, 0, 0, 0, 0
   \   00001068   5465787400         DC8 "Text"
   \   0000106D   000000000000       DC8 0, 0, 0, 0, 0, 0, 0, 0, 0, 0
   \              00000000    
   \   00001077   4869646500         DC8 "Hide"
   \   0000107C   000000000000       DC8 0, 0, 0, 0, 0, 0, 0, 0, 0, 0
   \              00000000    
   \   00001086   536574757000       DC8 "Setup"
   \   0000108C   000000000000       DC8 0, 0, 0, 0, 0, 0, 0, 0, 0
   \              000000      
   \   00001095   546865726D6F       DC8 "Thermo."
   \              2E00        
   \   0000109D   000000000000       DC8 0, 0, 0, 0, 0, 0, 0
   \              00          
   \   000010A4   54656D706572       DC8 "Temperature"
   \              617475726500
   \   000010B0   000000             DC8 0, 0, 0
   \   000010B3   54696D657461       DC8 "Timetable"
   \              626C6500    
   \   000010BD   0000000000         DC8 0, 0, 0, 0, 0
   \   000010C2   536572766963       DC8 "Service"
   \              6500        
   \   000010CA   000000000000       DC8 0, 0, 0, 0, 0, 0, 0
   \              00          
   \   000010D1   436C65616E20       DC8 "Clean memory"
   \              6D656D6F7279
   \              00          
   \   000010DE   0000               DC8 0, 0
   \   000010E0   4578697400         DC8 "Exit"
   \   000010E5   000000000000       DC8 0, 0, 0, 0, 0, 0, 0, 0, 0, 0
   \              00000000    
   \   000010EF   50726F746563       DC8 "Protection On"
   \              74696F6E204F
   \              6E00        
   \   000010FD   00                 DC8 0
   \   000010FE   4368616E6765       DC8 "Change pass."
   \              20706173732E
   \              00          
   \   0000110B   0000               DC8 0, 0
   \   0000110D   536972656E00       DC8 "Siren"
   \   00001113   000000000000       DC8 0, 0, 0, 0, 0, 0, 0, 0, 0
   \              000000      
   \   0000111C   416374697661       DC8 "Activation for"
   \              74696F6E2066
   \              6F7200      
   \   0000112B   50617373776F       DC8 "Password OK"
   \              7264204F4B00
   \   00001137   000000             DC8 0, 0, 0
   \   0000113A   57726F6E6720       DC8 "Wrong password"
   \              70617373776F
   \              726400      
   \   00001149   50726F746563       DC8 "Protection off"
   \              74696F6E206F
   \              666600      
   \   00001158   537065616B65       DC8 "Speaker"
   \              7200        
   \   00001160   000000000000       DC8 0, 0, 0, 0, 0, 0, 0
   \              00          
   \   00001167   446973636861       DC8 "Discharged"
   \              7267656400  
   \   00001172   00000000           DC8 0, 0, 0, 0
   \   00001176   626174746572       DC8 "battery"
   \              7900        
   \   0000117E   000000000000       DC8 0, 0, 0, 0, 0, 0, 0
   \              00          
   \   00001185   436865636B00       DC8 "Check"
   \   0000118B   000000000000       DC8 0, 0, 0, 0, 0, 0, 0, 0, 0
   \              000000      
   \   00001194   6E6F6465206C       DC8 "node list"
   \              69737400    
   \   0000119E   0000000000         DC8 0, 0, 0, 0, 0
   \   000011A3   4368616E6765       DC8 "Change ID"
   \              20494400    
   \   000011AD   0000000000         DC8 0, 0, 0, 0, 0
   \   000011B2   52656D6F7665       DC8 "Remove ID"
   \              20494400    
   \   000011BC   0000000000         DC8 0, 0, 0, 0, 0
   \   000011C1   4368616E6765       DC8 "Change label"
   \              206C6162656C
   \              00          
   \   000011CE   0000               DC8 0, 0
   \   000011D0   492F4F207374       DC8 "I/O state"
   \              61746500    
   \   000011DA   0000000000         DC8 0, 0, 0, 0, 0
   \   000011DF   5472616E732E       DC8 "Trans. Test"
   \              205465737400
   \   000011EB   000000             DC8 0, 0, 0
   \   000011EE   446174612073       DC8 "Data sent"
   \              656E7400    
   \   000011F8   0000000000         DC8 0, 0, 0, 0, 0
   \   000011FD   446174612072       DC8 "Data recived"
   \              656369766564
   \              00          
   \   0000120A   0000               DC8 0, 0
   \   0000120C   44617461206C       DC8 "Data lost"
   \              6F737400    
   \   00001216   0000000000         DC8 0, 0, 0, 0, 0
   \   0000121B   4E6574776F72       DC8 "Network"
   \              6B00        
   \   00001223   000000000000       DC8 0, 0, 0, 0, 0, 0, 0
   \              00          
   \   0000122A   57692D466920       DC8 "Wi-Fi config."
   \              636F6E666967
   \              2E00        
   \   00001238   00                 DC8 0
   \   00001239   416363657320       DC8 "Acces point"
   \              706F696E7400
   \   00001245   000000             DC8 0, 0, 0
   \   00001248   4E616D6500         DC8 "Name"
   \   0000124D   000000000000       DC8 0, 0, 0, 0, 0, 0, 0, 0, 0, 0
   \              00000000    
   \   00001257   436F6E6E6563       DC8 "Connect"
   \              7400        
   \   0000125F   000000000000       DC8 0, 0, 0, 0, 0, 0, 0
   \              00          
   \   00001266   4368616E6765       DC8 "Change"
   \              00          
   \   0000126D   000000000000       DC8 0, 0, 0, 0, 0, 0, 0, 0
   \              0000        
   \   00001275   4E6574776F72       DC8 "Network key"
   \              6B206B657900
   \   00001281   000000             DC8 0, 0, 0
   \   00001284   446F6D61696E       DC8 "Domain"
   \              00          
   \   0000128B   000000000000       DC8 0, 0, 0, 0, 0, 0, 0, 0
   \              0000        
   \   00001293   50617468286F       DC8 "Path(optional)"
   \              7074696F6E61
   \              6C2900      
   \   000012A2   65673A206365       DC8 "eg: ceuron.pl"
   \              75726F6E2E70
   \              6C00        
   \   000012B0   00                 DC8 0
   \   000012B1   65673A202F68       DC8 "eg: /home"
   \              6F6D6500    
   \   000012BB   0000000000         DC8 0, 0, 0, 0, 0
     27                     //polski     Speech[g_leng].//    //
     28                              {  
     29                               "MENU",          //Menu
     30                               "Zm analog.",    //ZmAnalog
     31                               "Zm dwustan.",   //ZmDwust
     32                               "Stany IO",      //StanIO
     33                               "Ustawienia",    //Ustawienia
     34                               "Rejestrator",   //Rejestr
     35                               "Info",          //Info
     36                               "Jezyk",         //Jêzyk
     37                               "Czas",          //Czas
     38                               "Czas g/m/s",    //CzasGMS
     39                               "Data",          //Data
     40                               "Data d/m/r",    //DataDMR
     41                               "Data/Czas",     //DataCzas
     42                               "Hasla",         //Hasla
     43                               "Polski",        //Polski
     44                               "Angielski",     //Angielski
     45                               "Nazwa prog.",   //NazwaProg
     46                               "Data modyfi.",  //DataMod
     47                               "Czas cyklu",    //CzasCyklu
     48                               "Zmiana hasla",  //ZmHasla
     49                               "Poziom 1",       //Poziom1
     50                               "Poziom 2",       //Poziom2
     51                               "Poziom 3",       //Poziom3
     52                               "Wej/Wyj",        //WeWy
     53                               "Poziom dostep",   //PoziomDost
     54                               "Obecne haslo:", //ObecneHaslo
     55                               "Nowe haslo:",   //NoweHaslo
     56                               "Wpisz",         //Wpisz
     57                               "Bledne",        //Bledne
     58                               "haslo",         //haslo
     59                               "Nowe",          //Nowe
     60                               "Haslo:",        //Haslo
     61                               "Restart ster.", //RestartSter
     62                               "Potwierdz",     //Potwierdz
     63                               "Sygnaly",       //Sygnaly;
     64                               "Monitoring",    //Obserwowane;
     65                               "Opcje",         //Opcje
     66                               "Odforsuj",      //Odforsuj
     67                               "Forsuj",         //Forsuj
     68                               "Monitoruj",      //Monitoruj
     69                               "Dostep",         //Dostep
     70                               "zastrzezony",    //zastrzezony
     71                               "Brak",           //Brak
     72                               "miejsca",        //miejsca
     73                               "Istnieje",       //Istnieje
     74                               "Puste",          //Puste
     75                               "Start ster.",    //UruchomienieSter
     76                               "Czysc rejestr",  //CzyscRej
     77                               "Czyszcz rej",    //CzyszczonyRej
     78                               "Konfig.",   //Konfiguracja
     79                               "Procedura",      //Procedura  
     80                               "Stan wej. ",   //Stan wejscia
     81                               "Neg. wej.",   //NegWejscia
     82                               "Stan wyj. ",   //Stan wyjêcia
     83                               "St. alert ",   //Stan zegara
     84                               "St. timer ",   //Stan timera
     85                               "St. tim. N ",   //Stan timera
     86                               "Ustaw wy",   //UstawWyjscie
     87                               "Wy.na 1",    //WlaczWyjscie[15];
     88                               "Wy. na 0",    // ZerujWyjscie[15];
     89                               "Timer rst. ",   //ResetTimer
     90                               "Zegar rst. ",   //ResetAlert
     91                               "Wl.Scene ",   //W³¹cz scenê
     92                               "Inc.Scen ",   //W³¹cz scenê
     93                               "Dec.Scen ",   //W³¹cz scenê
     94                               "Timer ",      //Timer
     95                               "Zegar ",      //Zegar
     96                               "Il. sekund: ",   //IlSek
     97                               "St. Sceny ",   //IlSek
     98                               "Dodaj wiersz   ",   //DodajWiersz
     99                               "Usun wiersz    ",   //UsuñWiersz
    100                               "Wiersz nr:     ",   //WierszNr
    101                               "z procedurami", //Zprocedurami
    102                               "Zapisz ", //Zapisz
    103                               "zmiany ", //Zmiany
    104                               "Styl 1", //Styl1
    105                               "Styl 2", //Styl2
    106                               "Styl 3", //Styl3
    107                               "Styl 4", //Styl3
    108                               "Styl 5", //Styl3
    109                               "Styl 6", //Styl3
    110                               "Styl 7", //Styl3
    111                               "Styl 8", //Styl3
    112                               "Ekran ",    //Ekran
    113                               "Grafika", //Grafika
    114                               "Numer scneny   ", //NumerSceny
    115                               "Zmiana ",
    116                               "Dotyk ",
    117                               "Dotknij ",  //Dotknij
    118                               "precyzyjnie ", //precyzyjnie
    119                               "wskaznik ", //wskaznik
    120                               "Haslo wl. ", //HasloWl
    121                               "Dzien tyg. ", //DzienTygodnia
    122                               "Rok ",
    123                               "Miesiac ",
    124                               "Dzien ",
    125                               "Godzina ",
    126                               "Minuta ",
    127                               "Sekunda ",
    128                               "Typ: ",
    129                               "Wartosc ",//char Wartosc[15];
    130                               "Przycisk ", 
    131                               "Akcja ",
    132                               "Otworz strone ",//OtworzStrone
    133                               "Wyl.", //Wyl
    134                               "Wezly ",//Wêz³y
    135                               "Kanal RF ",  //RfChannel
    136                               "Kanal zajety ", //KanalZajety
    137                               "Wygaszacz",  //ScreenSever
    138                               "Godz. wl.", //TimeOn
    139                               "Godz. wyl.", //TimeOff
    140                               "Tryb Slave ",//TrybSlave
    141                               "Tryb Master ",//TrybMaster 
    142                               "Niedostepne ", //Niedostepne
    143                               "w trybie Slave ", //W_Trybie_Slave
    144                               "Dzwiek ",
    145                               "Thermostat ", //Termostat
    146                               "PWSCPSN ", //PWSCPSN
    147                               "Czujnik", //Czujnik[15];
    148                               "Wykonawca", //Wykonawca[15];
    149                               "Text",
    150                               "Ukryj" ,//Ukryj
    151                               "Ustaw" ,//Ustaw
    152                               "Termo.", //Termo_
    153                               "Temperatura", //Temperatura
    154                               "Terminarz", //Terminarz
    155                               "Serwis", //Zaawansowane[15];
    156                               "Czysc pamiec",//Czysc_pamiec
    157                               "Wyjdz", //Wyjdz 
    158                               "Wl.ochrone",//WlOchrone
    159                               "Zmien Haslo",//ZmienHaslo
    160                               "Syrena", //Syrena
    161                               "Aktywacja za",//AktywacjaZa[15];
    162                               "Haslo poprawne",//HasloPoprawne
    163                               "Bledne haslo", //BledneHaslo
    164                               "Ochrona wyl.", //OchronaWyl
    165                               "Glosnik", //Glosnik  
    166                               "Wyladowana", //Wyladowana 
    167                               "bateria", //bateria 
    168                               "Sprawdz", //Sprawdz 
    169                               "liste wezlow", //liste_wezlow 
    170                               "Zmien ID", //ZmID
    171                               "Usun ID", //UsunID
    172                               "Zmien opis", //ZmOpis
    173                               "Stan We/Wy", //StanWeWy
    174                               "Test trans.", //TestTrans
    175                               "Dane wyslane",  //Dane_wyslane[15];
    176                               "Dane odebrane",  //Dane_odebrane[15];
    177                               "Dane utracone",// Dane_utracone[15];  
    178                               "Siec",         //Siec[15];
    179                               "Ustaw Wi-Fi", //UstawWiFi[15];
    180                               "Punkt dostepu", //Punkt_dostepu[15];
    181                               "Nazwa",    //Nazwa[15];
    182                               "Polacz",   //Polacz[15];
    183                               "Zmien",    //Zmien[15];
    184                               "Klucz seciowy", //Klucz_seciowy
    185                               "Domena",//Domena[15]
    186                               "Scezka (opcja)",//Scezka[15]
    187                               "Np. ceuron.pl",//char np_ceuron_pl[15];
    188                               "Np. /home",//char np_home[15];  
    189                              },
    190                              
    191                              
    192                              //Angielski
    193                              {  
    194                               "MENU",          //Menu
    195                               "Var analog.",   //ZmAnalog
    196                               "Var binar.",    //ZmDwust
    197                               "IO states",     //StanIO
    198                               "Setup",         //Ustawienia
    199                               "Register",      //Rejestr
    200                               "Info  ",        //Info
    201                               "Language",      //jêzyk
    202                               "Time",          //czas
    203                               "Time h/m/s",    //CzasGMS
    204                               "Date",          //Data
    205                               "Date d/m/y",    //DataDMR
    206                               "Date/Time",     //DataCzas
    207                               "Passwords",     //hasla
    208                               "Polish  ",      //Polski
    209                               "English  ",     //Angielski
    210                               "Appli. name",   //NazwaProg
    211                               "Modifi. Date",  //DataMod
    212                               "Cycle time",    //CzasCyklu
    213                               "Passwords",  //ZmHasla
    214                               "Level 1",       //Poziom1
    215                               "Level 2",       //Poziom2
    216                               "Level 3",       //Poziom3
    217                               "In/Out",        //WeWy
    218                               "Access level",   //PoziomDost
    219                               "Old password:",  //ObecneHaslo
    220                               "New password:",  //NoweHaslo
    221                               "Insert",         //wpisz
    222                               "Wrong",          //Bledne
    223                               "password",       //haslo
    224                               "New",            //Nowe
    225                               "Password:",      //Haslo
    226                               "Restart",        //RestartSter
    227                               "Confirm",        //Potwierdz
    228                               "Sygnals",        //Sygnaly;
    229                               "Monitoring",     //Obserwowane;
    230                               "Options",        //Opcje
    231                               "Unforce all",    //Odforsuj
    232                               "Force",          //Forsuj
    233                               "Monitoring",     //Monitoruj
    234                               "Access",         //Dostep
    235                               "denied",         //zastrzezony
    236                               "No",             //Brak
    237                               "space",          //miejsca
    238                               "Exist",          //Istnieje
    239                               "Empty",          //Puste
    240                               "Start cont.",   //UruchomienieSter
    241                               "Clean regist.",  //CzyscRej
    242                               "Clean regist",   //CzyszczonyRej
    243                               "Konfig.",   //Konfiguracja
    244                               "Procedure",       //Procedura  
    245                               "In.state ",   //StanWejscia
    246                               "Neg. In.",   //NegWejscia
    247                               "Out.state ",  //StanWyjcia
    248                               "Clock st. ",   //Stan zegara
    249                               "Tiemer st. ",   //Stan timera
    250                               "Tim. st. N. ",   //Stan timera
    251                               "Set out ",   //UstawWyjscie
    252                               "Set Q to 1",    //WlaczWyjscie[15];
    253                               "Set Q to 0",    // ZerujWyjscie[15];
    254                               "Timer rst. ",   //ResetTimer
    255                               "Clock rst. ",   //ResetZegar
    256                               "Scene on ",   //Ustaw scene
    257                               "Inc.Scen. ",   //W³¹cz scenê
    258                               "Dec.Scen. ",   //W³¹cz scenê
    259                               "Timer ",      //Timer
    260                               "Alert ",      //Alert
    261                               "Seconds: ",   //IlSek
    262                               "Scene st. ",   //IlSek
    263                               "Add row ",   //DodajWiersz
    264                               "Remove row     ",   //UsuñWiersz
    265                               "Row nr:        ",   //WierszNr
    266                               "with proced.", //Zprocedurami
    267                               "Save",   //Zapisz
    268                               "changes", //Zmiany
    269                               "Design 1", //Styl1
    270                               "Design 2", //Styl2
    271                               "Design 3", //Styl3
    272                               "Design 4", //Styl3
    273                               "Design 5", //Styl3
    274                               "Design 6", //Styl3
    275                               "Design 7", //Styl3
    276                               "Design 8", //Styl3
    277                               "Screen ",    //Ekran
    278                               "Graphics ", //Grafika
    279                               "Scene number ", //NumerSceny
    280                               "Change ",
    281                               "Touch ",
    282                               "Touch ",  //Dotknij
    283                               "precisely ", //precyzyjnie
    284                               "pointer ", //wskaznik
    285                               "Pass. on. ", //HasloWl
    286                               "Day of week ", //DzienTygodnia
    287                               "Year ",
    288                               "Mounth ",
    289                               "Day ",
    290                               "Hour ",
    291                               "Minute ",
    292                               "Second ",
    293                               "Type: ",
    294                               "Value ",//char Wartosc[15];
    295                               "Button ",
    296                               "Action ",
    297                               "Open page ",//OtworzStrone
    298                               "Off", //Wyl
    299                               "Nodes ", //Wezly
    300                               "RF channel",  //RfChannel
    301                               "Channel Engage ", //ChannelEngage
    302                               "Screensever",  //ScreenSever
    303                               "Time on", //TimeOn
    304                               "Time off", //TimeOff
    305                               "Slave mode",//TrybSlave
    306                               "Master mode",//TrybMaster  
    307                               "Unavailable ", //Niedostepne
    308                               "in Slave mode ", //W_Trybie_Slave
    309                               "Sound ",
    310                               "Thermostat ", //Termostat
    311                               "MTWTFSS ", //PWSCPSN 
    312                               "Sensor", //Czujnik[15];
    313                               "Executor", //Wykonawca[15];
    314                               "Text",
    315                               "Hide" ,//Ukryj
    316                               "Setup" ,//Ustaw
    317                               "Thermo.", //Termo_
    318                               "Temperature", //Temperatura
    319                               "Timetable", //Terminarz
    320                               "Service", //Zaawansowane[15];
    321                               "Clean memory",//Czysc_pamiec
    322                               "Exit", //Wyjdz 
    323                               "Protection On",//WlOchrone
    324                               "Change pass.",//ZmienHaslo
    325                               "Siren", //Syrena alarmowa
    326                               "Activation for",//AktywacjaZa[15];
    327                               "Password OK",//WpiszHaslo
    328                               "Wrong password", //BledneHaslo
    329                               "Protection off", //OchronaWyl 
    330                               "Speaker", //Glosnik  
    331                               "Discharged", //Wyladowana 
    332                               "battery", //bateria 
    333                               "Check", //Sprawdz 
    334                               "node list", //liste_wezlow 
    335                               "Change ID", //ZmID
    336                               "Remove ID", //UsunID
    337                               "Change label", //ZmOpis
    338                               "I/O state",//StanWeWy
    339                               "Trans. Test", //TestTrans
    340                               "Data sent",  //Dane_wyslane[15];
    341                               "Data recived",  //Dane_odebrane[15];
    342                               "Data lost",// Dane_utracone[15];
    343                               "Network",         //Siec[15];
    344                               "Wi-Fi config.", //UstawWiFi[15];
    345                               "Acces point", //KreatorWiFi[15];
    346                               "Name", //Nazwa[15];
    347                               "Connect",   //Polacz[15];
    348                               "Change",    //Zmien[15];
    349                               "Network key", //Klucz_seciowy
    350                               "Domain",//Domena[15]
    351                               "Path(optional)",//Scezka[15]
    352                               "eg: ceuron.pl",//char np_ceuron_pl[15];
    353                               "eg: /home",//char np_home[15];  
    354                               
    355                              }
    356                                
    357                                              
    358                            }; 


   Section sizes:

     Function/Label Bytes
     -------------- -----
     Speech         4800

 
 4 800 bytes in section .rodata
 
 4 800 bytes of CONST memory

Errors: none
Warnings: none
